alias.c=commit
alias.co=checkout
alias.dt=difftool
alias.mt=mergetool
alias.praise=blame
alias.ff=merge --ff-only
alias.st=status
alias.sync=!git pull && git push
apply.whitespace=nowarn
core.symlinks=false
core.autocrlf=true
core.editor=gitpad
core.preloadindex=true
core.fscache=true
color.diff=auto
color.status=auto
color.branch=auto
color.interactive=true
color.ui=true
pack.packsizelimit=2g
help.format=html
http.sslcainfo=/bin/curl-ca-bundle-ghfw.crt
sendemail.smtpserver=/bin/msmtp.exe
diff.astextplain.textconv=astextplain
rebase.autosquash=true
credential.helper=!github --credentials
filter.ghcleansmudge.clean=cat
filter.ghcleansmudge.smudge=cat
push.default=upstream
diff.tool=vs2013
diff.algorithm=histogram
difftool.prompt=false
difftool.bc4.cmd="c:/program files (x86)/beyond compare 3/bcomp.exe" "$LOCAL" "$REMOTE"
difftool.p4.cmd="c:/program files/Perforce/p4merge.exe" "$LOCAL" "$REMOTE"
difftool.vs2012.cmd="c:/program files (x86)/microsoft visual studio 11.0/common7/ide/devenv.exe" '//diff' "$LOCAL" "$REMOTE"
difftool.vs2013.cmd="c:/program files (x86)/microsoft visual studio 12.0/common7/ide/devenv.exe" '//diff' "$LOCAL" "$REMOTE"
merge.tool=bc3
mergetool.prompt=false
mergetool.keepbackup=false
mergetool.bc3.cmd="c:/program files (x86)/beyond compare 3/bcomp.exe" "$LOCAL" "$REMOTE" "$BASE" "$MERGED"
mergetool.bc3.trustexitcode=true
mergetool.p4.cmd="c:/program files/Perforce/p4merge.exe" "$BASE" "$LOCAL" "$REMOTE" "$MERGED"
mergetool.p4.trustexitcode=false
user.name=LJ Nissen
user.email=lj.nissen@gmail.com
filter.lfs.clean=git lfs clean %f
filter.lfs.smudge=git lfs smudge %f
filter.lfs.required=true
core.repositoryformatversion=0
core.filemode=false
core.bare=false
core.logallrefupdates=true
core.symlinks=false
core.ignorecase=true
core.hidedotfiles=dotGitOnly
remote.heroku.url=https://git.heroku.com/lit-meadow-2547.git
remote.heroku.fetch=+refs/heads/*:refs/remotes/heroku/*
